<?xml version="1.0" encoding="UTF-8" ?>
<testsuite tests="2" failures="0" name="TestSuite" time="5.46" errors="0" skipped="0">
  <properties>
    <property name="java.runtime.name" value="Java(TM) SE Runtime Environment"/>
    <property name="sun.boot.library.path" value="D:\Program Files\Java\jdk1.8.0_191\jre\bin"/>
    <property name="java.vm.version" value="25.191-b12"/>
    <property name="java.vm.vendor" value="Oracle Corporation"/>
    <property name="maven.multiModuleProjectDirectory" value="D:\workspace\testAuto"/>
    <property name="java.vendor.url" value="http://java.oracle.com/"/>
    <property name="path.separator" value=";"/>
    <property name="guice.disable.misplaced.annotation.check" value="true"/>
    <property name="java.vm.name" value="Java HotSpot(TM) 64-Bit Server VM"/>
    <property name="file.encoding.pkg" value="sun.io"/>
    <property name="user.script" value=""/>
    <property name="user.country" value="CN"/>
    <property name="sun.java.launcher" value="SUN_STANDARD"/>
    <property name="sun.os.patch.level" value=""/>
    <property name="java.vm.specification.name" value="Java Virtual Machine Specification"/>
    <property name="user.dir" value="D:\workspace\testAuto"/>
    <property name="java.runtime.version" value="1.8.0_191-b12"/>
    <property name="java.awt.graphicsenv" value="sun.awt.Win32GraphicsEnvironment"/>
    <property name="basedir" value="D:\workspace\testAuto"/>
    <property name="java.endorsed.dirs" value="D:\Program Files\Java\jdk1.8.0_191\jre\lib\endorsed"/>
    <property name="os.arch" value="amd64"/>
    <property name="java.io.tmpdir" value="C:\Users\admin\AppData\Local\Temp\"/>
    <property name="line.separator" value="
"/>
    <property name="java.vm.specification.vendor" value="Oracle Corporation"/>
    <property name="user.variant" value=""/>
    <property name="os.name" value="Windows 10"/>
    <property name="classworlds.conf" value="D:\apache-maven-3.5.4-bin\apache-maven-3.5.4\bin\..\bin\m2.conf"/>
    <property name="sun.jnu.encoding" value="GBK"/>
    <property name="java.library.path" value="D:\Program Files\Java\jdk1.8.0_191\bin;C:\Windows\Sun\Java\bin;C:\Windows\system32;C:\Windows;C:\Program Files (x86)\Common Files\Oracle\Java\javapath;C:\Windows\system32;C:\Windows;C:\Windows\System32\Wbem;C:\Windows\System32\WindowsPowerShell\v1.0\;D:\Program Files\VisualSVN Server\bin;D:\Program Files\TortoiseSVN\bin;D:\Program Files\Java\jdk1.8.0_191\bin;D:\Program Files\Java\jdk1.8.0_191\jre\bin;D:\Program Files\Git\cmd;D:\soft\apache-ant-1.10.5\bin;D:\Python27;D:\Program Files\TortoiseGit\bin;C:\Users\admin\AppData\Local\Microsoft\WindowsApps;C:\Users\admin\AppData\Local\Programs\Fiddler;D:\apache-maven-3.5.4-bin\apache-maven-3.5.4\bin;;."/>
    <property name="surefire.test.class.path" value="D:\workspace\testAuto\target\test-classes;D:\workspace\testAuto\target\classes;C:\Users\admin\.m2\repository\org\apache\httpcomponents\httpclient\4.1.2\httpclient-4.1.2.jar;C:\Users\admin\.m2\repository\org\apache\httpcomponents\httpcore\4.1.2\httpcore-4.1.2.jar;C:\Users\admin\.m2\repository\commons-logging\commons-logging\1.1.1\commons-logging-1.1.1.jar;C:\Users\admin\.m2\repository\commons-codec\commons-codec\1.4\commons-codec-1.4.jar;C:\Users\admin\.m2\repository\org\testng\testng\7.0.0-beta1\testng-7.0.0-beta1.jar;C:\Users\admin\.m2\repository\com\beust\jcommander\1.72\jcommander-1.72.jar;C:\Users\admin\.m2\repository\org\json\json\20170516\json-20170516.jar;C:\Users\admin\.m2\repository\org\mybatis\mybatis\3.4.4\mybatis-3.4.4.jar;C:\Users\admin\.m2\repository\mysql\mysql-connector-java\6.0.5\mysql-connector-java-6.0.5.jar;C:\Users\admin\.m2\repository\org\projectlombok\lombok\1.16.16\lombok-1.16.16.jar;C:\Users\admin\.m2\repository\com\alibaba\fastjson\1.2.49\fastjson-1.2.49.jar;C:\Users\admin\.m2\repository\com\relevantcodes\extentreports\2.41.1\extentreports-2.41.1.jar;C:\Users\admin\.m2\repository\org\jsoup\jsoup\1.8.3\jsoup-1.8.3.jar;C:\Users\admin\.m2\repository\org\xerial\sqlite-jdbc\3.8.11.1\sqlite-jdbc-3.8.11.1.jar;C:\Users\admin\.m2\repository\org\freemarker\freemarker\2.3.23\freemarker-2.3.23.jar;C:\Users\admin\.m2\repository\org\mongodb\mongodb-driver\3.0.4\mongodb-driver-3.0.4.jar;C:\Users\admin\.m2\repository\org\mongodb\bson\3.0.4\bson-3.0.4.jar;C:\Users\admin\.m2\repository\org\mongodb\mongodb-driver-core\3.0.4\mongodb-driver-core-3.0.4.jar;C:\Users\admin\.m2\repository\com\vimalselvam\testng-extentsreport\1.3.1\testng-extentsreport-1.3.1.jar;C:\Users\admin\.m2\repository\com\google\guava\guava\20.0\guava-20.0.jar;C:\Users\admin\.m2\repository\com\aventstack\extentreports\3.0.6\extentreports-3.0.6.jar;C:\Users\admin\.m2\repository\org\apache\httpcomponents\httpmime\4.5.2\httpmime-4.5.2.jar;"/>
    <property name="maven.conf" value="D:\apache-maven-3.5.4-bin\apache-maven-3.5.4\bin\../conf"/>
    <property name="java.specification.name" value="Java Platform API Specification"/>
    <property name="java.class.version" value="52.0"/>
    <property name="sun.management.compiler" value="HotSpot 64-Bit Tiered Compilers"/>
    <property name="os.version" value="10.0"/>
    <property name="library.jansi.path" value="D:\apache-maven-3.5.4-bin\apache-maven-3.5.4\bin\..\lib\jansi-native"/>
    <property name="user.home" value="C:\Users\admin"/>
    <property name="user.timezone" value="Asia/Shanghai"/>
    <property name="java.awt.printerjob" value="sun.awt.windows.WPrinterJob"/>
    <property name="java.specification.version" value="1.8"/>
    <property name="file.encoding" value="GBK"/>
    <property name="user.name" value="admin"/>
    <property name="java.class.path" value="D:\apache-maven-3.5.4-bin\apache-maven-3.5.4\bin\..\boot\plexus-classworlds-2.5.2.jar"/>
    <property name="java.vm.specification.version" value="1.8"/>
    <property name="sun.arch.data.model" value="64"/>
    <property name="java.home" value="D:\Program Files\Java\jdk1.8.0_191\jre"/>
    <property name="sun.java.command" value="org.codehaus.plexus.classworlds.launcher.Launcher clean install"/>
    <property name="java.specification.vendor" value="Oracle Corporation"/>
    <property name="user.language" value="zh"/>
    <property name="awt.toolkit" value="sun.awt.windows.WToolkit"/>
    <property name="java.vm.info" value="mixed mode"/>
    <property name="java.version" value="1.8.0_191"/>
    <property name="java.ext.dirs" value="D:\Program Files\Java\jdk1.8.0_191\jre\lib\ext;C:\Windows\Sun\Java\lib\ext"/>
    <property name="sun.boot.class.path" value="D:\Program Files\Java\jdk1.8.0_191\jre\lib\resources.jar;D:\Program Files\Java\jdk1.8.0_191\jre\lib\rt.jar;D:\Program Files\Java\jdk1.8.0_191\jre\lib\sunrsasign.jar;D:\Program Files\Java\jdk1.8.0_191\jre\lib\jsse.jar;D:\Program Files\Java\jdk1.8.0_191\jre\lib\jce.jar;D:\Program Files\Java\jdk1.8.0_191\jre\lib\charsets.jar;D:\Program Files\Java\jdk1.8.0_191\jre\lib\jfr.jar;D:\Program Files\Java\jdk1.8.0_191\jre\classes"/>
    <property name="java.vendor" value="Oracle Corporation"/>
    <property name="sun.stderr.encoding" value="ms936"/>
    <property name="maven.home" value="D:\apache-maven-3.5.4-bin\apache-maven-3.5.4\bin\.."/>
    <property name="localRepository" value="C:\Users\admin\.m2\repository"/>
    <property name="file.separator" value="\"/>
    <property name="java.vendor.url.bug" value="http://bugreport.sun.com/bugreport/"/>
    <property name="sun.cpu.endian" value="little"/>
    <property name="sun.io.unicode.encoding" value="UnicodeLittle"/>
    <property name="sun.stdout.encoding" value="ms936"/>
    <property name="sun.desktop" value="windows"/>
    <property name="sun.cpu.isalist" value="amd64"/>
  </properties>
  <testcase name="loginSuccess" time="1.369"/>
  <testcase name="getUserInfo" time="3.269"/>
</testsuite>