<?xml version="1.0" encoding="UTF-8"?>
<!-- Generated by org.testng.reporters.JUnitReportReporter -->
<testsuite skipped="0" hostname="DESKTOP-EQB27CQ" name="com.jianbing.cases.yinni.GetUserLoanInfo" tests="1" failures="0" timestamp="2018-10-30T17:55:38 CST" time="3.269" errors="0">
  <testcase name="getUserInfo" time="3.269" classname="com.jianbing.cases.yinni.GetUserLoanInfo"/>
</testsuite> <!-- com.jianbing.cases.yinni.GetUserLoanInfo -->
