<?xml version="1.0" encoding="UTF-8"?>
<!-- Generated by org.testng.reporters.JUnitReportReporter -->
<testsuite skipped="0" hostname="DESKTOP-EQB27CQ" name="com.jianbing.cases.yinni.Login" tests="1" failures="0" timestamp="2018-10-30T17:55:38 CST" time="1.368" errors="0">
  <testcase name="loginSuccess" time="1.368" classname="com.jianbing.cases.yinni.Login"/>
</testsuite> <!-- com.jianbing.cases.yinni.Login -->
